==========================================
SLURM_JOB_ID = 11768297
Username = mongrel
Group = 301
SLURM_JOB_NODELIST = n202
==========================================
# packages in environment at /allen/aibs/technology/conda/production/dlcPy36:
#
# Name                    Version                   Build  Channel
backports                 1.0                        py_2    conda-forge
backports.weakref         1.0rc1                   py36_1    conda-forge
bleach                    1.5.0                    py36_0    conda-forge
ca-certificates           2019.3.9             hecc5488_0    conda-forge
certifi                   2019.3.9                 py36_0    conda-forge
chardet                   3.0.4                     <pip>
click                     7.1.2                     <pip>
cloudpickle               1.4.1                     <pip>
cudatoolkit               8.0                           3  
cudnn                     6.0.21                cuda8.0_0  
cycler                    0.10.0                    <pip>
decorator                 4.4.2                     <pip>
deeplabcut                2.0.6.3                   <pip>
easydict                  1.9                       <pip>
h5py                      2.10.0                    <pip>
html5lib                  0.9999999                py36_0    conda-forge
idna                      2.9                       <pip>
imageio                   2.3.0                     <pip>
intel-openmp              2020.0.133                <pip>
ipython                   6.0.0                     <pip>
ipython-genutils          0.2.0                     <pip>
jedi                      0.17.0                    <pip>
kiwisolver                1.2.0                     <pip>
libblas                   3.8.0                4_openblas    conda-forge
libcblas                  3.8.0                4_openblas    conda-forge
libffi                    3.2.1             he1b5a44_1006    conda-forge
libgcc                    7.2.0                h69d50b8_2    conda-forge
libgcc-ng                 7.3.0                hdf63c60_0    https://anaconda.org/anaconda/libgcc-ng/7.3.0/download
libgfortran-ng            7.2.0                hdf63c60_3    https://anaconda.org/anaconda/libgfortran-ng/7.2.0/download
liblapack                 3.8.0                4_openblas    conda-forge
libprotobuf               3.7.0                h8b12597_2    conda-forge
libstdcxx-ng              7.3.0                hdf63c60_0    https://anaconda.org/anaconda/libstdcxx-ng/7.3.0/download
markdown                  2.6.11                     py_0    conda-forge
matplotlib                3.2.1                     <pip>
moviepy                   0.2.3.5                   <pip>
ncurses                   6.1               hf484d3e_1002    conda-forge
networkx                  2.4                       <pip>
numexpr                   2.7.1                     <pip>
numpy                     1.14.6                    <pip>
openblas                  0.3.5             h9ac9557_1001    https://anaconda.org/conda-forge/openblas/0.3.5/download
opencv-python             3.4.9.33                  <pip>
openssl                   1.1.1b               h14c3975_1    conda-forge
pandas                    0.21.0                    <pip>
parso                     0.7.0                     <pip>
patsy                     0.5.1                     <pip>
pexpect                   4.8.0                     <pip>
pickleshare               0.7.5                     <pip>
Pillow                    7.1.2                     <pip>
pip                       19.0.3                   py36_0    conda-forge
prompt-toolkit            1.0.18                    <pip>
protobuf                  3.7.0            py36he1b5a44_1    conda-forge
ptyprocess                0.6.0                     <pip>
Pygments                  2.6.1                     <pip>
pyparsing                 2.4.7                     <pip>
python                    3.6.7             h381d211_1004    conda-forge
python-dateutil           2.7.3                     <pip>
pytz                      2020.1                    <pip>
PyWavelets                1.1.1                     <pip>
PyYAML                    5.3.1                     <pip>
readline                  7.0               hf8c457e_1001    conda-forge
requests                  2.23.0                    <pip>
ruamel.yaml               0.15.0                    <pip>
scikit-image              0.14.5                    <pip>
scikit-learn              0.19.2                    <pip>
scipy                     1.1.0                     <pip>
setuptools                40.8.0                   py36_0    conda-forge
simplegeneric             0.8.1                     <pip>
six                       1.11.0                    <pip>
sqlite                    3.26.0            h67949de_1001    conda-forge
statsmodels               0.9.0                     <pip>
tables                    3.6.1                     <pip>
tensorflow-gpu            1.3.0                         0  
tensorflow-gpu-base       1.3.0           py36cuda8.0cudnn6.0_1  
tensorflow-tensorboard    0.1.5                    py36_0  
tk                        8.6.9             h84994c4_1000    conda-forge
tqdm                      4.46.0                    <pip>
traitlets                 4.3.3                     <pip>
urllib3                   1.25.9                    <pip>
wcwidth                   0.1.9                     <pip>
webencodings              0.5.1                      py_1    conda-forge
werkzeug                  0.14.1                     py_0    conda-forge
wheel                     0.31.1                    <pip>
xz                        5.2.4             h14c3975_1001    conda-forge
zlib                      1.2.11            h14c3975_1004    conda-forge

WARNING:tensorflow:From /allen/aibs/technology/conda/production/dlcPy36/lib/python3.6/site-packages/deeplabcut/pose_estimation_tensorflow/nnet/pose_net.py:56: calling resnet_arg_scope (from tensorflow.contrib.slim.python.slim.nets.resnet_utils) with is_training is deprecated and will be removed after 2017-08-01.
Instructions for updating:
Pass is_training directly to the network instead of the arg_scope.
WARNING:tensorflow:From /allen/aibs/technology/conda/production/dlcPy36/lib/python3.6/site-packages/deeplabcut/pose_estimation_tensorflow/nnet/pose_net.py:56: calling resnet_arg_scope (from tensorflow.contrib.slim.python.slim.nets.resnet_utils) with is_training is deprecated and will be removed after 2017-08-01.
Instructions for updating:
Pass is_training directly to the network instead of the arg_scope.

  0%|          | 0/430568 [00:00<?, ?it/s]
  2%|▏         | 8610/430568 [02:18<1:52:52, 62.31it/s]
  2%|▏         | 8610/430568 [02:29<1:52:52, 62.31it/s]
  3%|▎         | 12915/430568 [04:37<2:25:59, 47.68it/s]
  3%|▎         | 12915/430568 [04:49<2:25:59, 47.68it/s]
  4%|▍         | 17220/430568 [07:04<2:51:19, 40.21it/s]
  4%|▍         | 17220/430568 [07:19<2:51:19, 40.21it/s]
  5%|▍         | 21525/430568 [09:30<3:08:01, 36.26it/s]
  5%|▍         | 21525/430568 [09:49<3:08:01, 36.26it/s]
  6%|▌         | 25830/430568 [11:53<3:17:28, 34.16it/s]
  6%|▌         | 25830/430568 [12:09<3:17:28, 34.16it/s]
  7%|▋         | 30135/430568 [14:19<3:24:38, 32.61it/s]
  7%|▋         | 30135/430568 [14:29<3:24:38, 32.61it/s]
  8%|▊         | 34440/430568 [16:43<3:28:04, 31.73it/s]
  8%|▊         | 34440/430568 [16:59<3:28:04, 31.73it/s]
  9%|▉         | 38745/430568 [19:09<3:30:35, 31.01it/s]
  9%|▉         | 38745/430568 [19:20<3:30:35, 31.01it/s]
 10%|▉         | 43050/430568 [21:33<3:30:40, 30.66it/s]
 10%|▉         | 43050/430568 [21:50<3:30:40, 30.66it/s]
 11%|█         | 47355/430568 [23:57<3:29:48, 30.44it/s]
 11%|█         | 47355/430568 [24:10<3:29:48, 30.44it/s]
 12%|█▏        | 51660/430568 [26:22<3:28:57, 30.22it/s]
 12%|█▏        | 51660/430568 [26:40<3:28:57, 30.22it/s]
 13%|█▎        | 55965/430568 [28:48<3:28:10, 29.99it/s]
 13%|█▎        | 55965/430568 [29:00<3:28:10, 29.99it/s]
 14%|█▍        | 60270/430568 [31:12<3:25:57, 29.96it/s]
 14%|█▍        | 60270/430568 [31:30<3:25:57, 29.96it/s]
 15%|█▍        | 64575/430568 [33:37<3:24:14, 29.87it/s]
 15%|█▍        | 64575/430568 [33:50<3:24:14, 29.87it/s]
 16%|█▌        | 68880/430568 [36:02<3:22:06, 29.83it/s]
 16%|█▌        | 68880/430568 [36:20<3:22:06, 29.83it/s]
 17%|█▋        | 73185/430568 [38:27<3:19:55, 29.79it/s]
 17%|█▋        | 73185/430568 [38:40<3:19:55, 29.79it/s]
 18%|█▊        | 77490/430568 [40:52<3:17:48, 29.75it/s]
 18%|█▊        | 77490/430568 [41:10<3:17:48, 29.75it/s]
 19%|█▉        | 81795/430568 [43:18<3:15:56, 29.67it/s]
 19%|█▉        | 81795/430568 [43:30<3:15:56, 29.67it/s]
 20%|█▉        | 86100/430568 [45:44<3:13:52, 29.61it/s]
 20%|█▉        | 86100/430568 [46:00<3:13:52, 29.61it/s]
 21%|██        | 90405/430568 [48:09<3:11:15, 29.64it/s]
 21%|██        | 90405/430568 [48:20<3:11:15, 29.64it/s]
 22%|██▏       | 94710/430568 [50:34<3:08:56, 29.63it/s]
 22%|██▏       | 94710/430568 [50:50<3:08:56, 29.63it/s]
 23%|██▎       | 99015/430568 [52:59<3:06:20, 29.65it/s]
 23%|██▎       | 99015/430568 [53:10<3:06:20, 29.65it/s]
 24%|██▍       | 103320/430568 [55:26<3:04:38, 29.54it/s]
 24%|██▍       | 103320/430568 [55:40<3:04:38, 29.54it/s]
 25%|██▍       | 107625/430568 [57:51<3:01:54, 29.59it/s]
 25%|██▍       | 107625/430568 [58:10<3:01:54, 29.59it/s]
 26%|██▌       | 111930/430568 [1:00:18<2:59:52, 29.52it/s]
 26%|██▌       | 111930/430568 [1:00:30<2:59:52, 29.52it/s]
 27%|██▋       | 116235/430568 [1:02:40<2:56:01, 29.76it/s]
 27%|██▋       | 116235/430568 [1:03:00<2:56:01, 29.76it/s]
 28%|██▊       | 120540/430568 [1:05:03<2:53:03, 29.86it/s]
 28%|██▊       | 120540/430568 [1:05:20<2:53:03, 29.86it/s]
 29%|██▉       | 124845/430568 [1:07:25<2:50:03, 29.96it/s]
 29%|██▉       | 124845/430568 [1:07:40<2:50:03, 29.96it/s]
 30%|██▉       | 129150/430568 [1:09:49<2:47:50, 29.93it/s]
 30%|██▉       | 129150/430568 [1:10:00<2:47:50, 29.93it/s]
 31%|███       | 133455/430568 [1:12:11<2:44:43, 30.06it/s]
 31%|███       | 133455/430568 [1:12:30<2:44:43, 30.06it/s]
 32%|███▏      | 137760/430568 [1:14:34<2:42:04, 30.11it/s]
 32%|███▏      | 137760/430568 [1:14:50<2:42:04, 30.11it/s]
 33%|███▎      | 142065/430568 [1:16:57<2:39:50, 30.08it/s]
 33%|███▎      | 142065/430568 [1:17:10<2:39:50, 30.08it/s]
 34%|███▍      | 146370/430568 [1:19:19<2:37:11, 30.13it/s]
 34%|███▍      | 146370/430568 [1:19:30<2:37:11, 30.13it/s]
 35%|███▍      | 150675/430568 [1:21:42<2:34:35, 30.18it/s]
 35%|███▍      | 150675/430568 [1:22:00<2:34:35, 30.18it/s]
 36%|███▌      | 154980/430568 [1:24:04<2:32:06, 30.20it/s]
 36%|███▌      | 154980/430568 [1:24:20<2:32:06, 30.20it/s]
 37%|███▋      | 159285/430568 [1:26:27<2:29:45, 30.19it/s]
 37%|███▋      | 159285/430568 [1:26:40<2:29:45, 30.19it/s]
 38%|███▊      | 163590/430568 [1:28:49<2:27:13, 30.22it/s]
 38%|███▊      | 163590/430568 [1:29:00<2:27:13, 30.22it/s]
 39%|███▉      | 167895/430568 [1:31:11<2:24:41, 30.26it/s]
 39%|███▉      | 167895/430568 [1:31:30<2:24:41, 30.26it/s]
 40%|███▉      | 172200/430568 [1:33:35<2:22:49, 30.15it/s]
 40%|███▉      | 172200/430568 [1:33:50<2:22:49, 30.15it/s]
 41%|████      | 176505/430568 [1:35:57<2:20:26, 30.15it/s]
 41%|████      | 176505/430568 [1:36:10<2:20:26, 30.15it/s]
 42%|████▏     | 180810/430568 [1:38:20<2:18:01, 30.16it/s]
 42%|████▏     | 180810/430568 [1:38:40<2:18:01, 30.16it/s]
 43%|████▎     | 185115/430568 [1:40:43<2:15:36, 30.17it/s]
 43%|████▎     | 185115/430568 [1:41:00<2:15:36, 30.17it/s]
 44%|████▍     | 189420/430568 [1:43:07<2:13:43, 30.06it/s]
 44%|████▍     | 189420/430568 [1:43:20<2:13:43, 30.06it/s]
 45%|████▍     | 193725/430568 [1:45:33<2:11:57, 29.91it/s]
 45%|████▍     | 193725/430568 [1:45:50<2:11:57, 29.91it/s]
 46%|████▌     | 198030/430568 [1:47:57<2:09:42, 29.88it/s]
 46%|████▌     | 198030/430568 [1:48:10<2:09:42, 29.88it/s]
 47%|████▋     | 202335/430568 [1:50:24<2:08:09, 29.68it/s]
 47%|████▋     | 202335/430568 [1:50:40<2:08:09, 29.68it/s]
 48%|████▊     | 206640/430568 [1:52:49<2:05:45, 29.68it/s]
 48%|████▊     | 206640/430568 [1:53:00<2:05:45, 29.68it/s]
 49%|████▉     | 210945/430568 [1:55:16<2:03:50, 29.56it/s]
 49%|████▉     | 210945/430568 [1:55:30<2:03:50, 29.56it/s]
 50%|████▉     | 215250/430568 [1:57:42<2:01:20, 29.57it/s]
 50%|████▉     | 215250/430568 [1:58:00<2:01:20, 29.57it/s]
 51%|█████     | 219555/430568 [2:00:06<1:58:42, 29.63it/s]
 51%|█████     | 219555/430568 [2:00:20<1:58:42, 29.63it/s]
 52%|█████▏    | 223860/430568 [2:02:33<1:56:30, 29.57it/s]
 52%|█████▏    | 223860/430568 [2:02:50<1:56:30, 29.57it/s]
 53%|█████▎    | 228165/430568 [2:05:00<1:54:26, 29.48it/s]
 53%|█████▎    | 228165/430568 [2:05:20<1:54:26, 29.48it/s]
 54%|█████▍    | 232470/430568 [2:07:29<1:52:44, 29.29it/s]
 54%|█████▍    | 232470/430568 [2:07:40<1:52:44, 29.29it/s]
 55%|█████▍    | 236775/430568 [2:09:58<1:50:47, 29.15it/s]
 55%|█████▍    | 236775/430568 [2:10:10<1:50:47, 29.15it/s]
 56%|█████▌    | 241080/430568 [2:12:27<1:48:32, 29.09it/s]
 56%|█████▌    | 241080/430568 [2:12:40<1:48:32, 29.09it/s]
 57%|█████▋    | 245385/430568 [2:14:57<1:46:33, 28.97it/s]
 57%|█████▋    | 245385/430568 [2:15:10<1:46:33, 28.97it/s]
 58%|█████▊    | 249690/430568 [2:17:27<1:44:14, 28.92it/s]
 58%|█████▊    | 249690/430568 [2:17:40<1:44:14, 28.92it/s]
 59%|█████▉    | 253995/430568 [2:19:56<1:41:55, 28.87it/s]
 59%|█████▉    | 253995/430568 [2:20:10<1:41:55, 28.87it/s]
 60%|█████▉    | 258300/430568 [2:22:26<1:39:29, 28.86it/s]
 60%|█████▉    | 258300/430568 [2:22:40<1:39:29, 28.86it/s]
 61%|██████    | 262605/430568 [2:24:54<1:36:56, 28.88it/s]
 61%|██████    | 262605/430568 [2:25:10<1:36:56, 28.88it/s]
 62%|██████▏   | 266910/430568 [2:27:23<1:34:19, 28.92it/s]
 62%|██████▏   | 266910/430568 [2:27:40<1:34:19, 28.92it/s]
 63%|██████▎   | 271215/430568 [2:29:52<1:31:56, 28.89it/s]
 63%|██████▎   | 271215/430568 [2:30:10<1:31:56, 28.89it/s]
 64%|██████▍   | 275520/430568 [2:32:21<1:29:20, 28.92it/s]
 64%|██████▍   | 275520/430568 [2:32:40<1:29:20, 28.92it/s]
 65%|██████▍   | 279825/430568 [2:34:50<1:27:02, 28.86it/s]
 65%|██████▍   | 279825/430568 [2:35:10<1:27:02, 28.86it/s]
 66%|██████▌   | 284130/430568 [2:37:19<1:24:30, 28.88it/s]
 66%|██████▌   | 284130/430568 [2:37:30<1:24:30, 28.88it/s]
 67%|██████▋   | 288435/430568 [2:39:50<1:22:13, 28.81it/s]
 67%|██████▋   | 288435/430568 [2:40:00<1:22:13, 28.81it/s]
 68%|██████▊   | 292740/430568 [2:42:19<1:19:44, 28.81it/s]
 68%|██████▊   | 292740/430568 [2:42:30<1:19:44, 28.81it/s]
 69%|██████▉   | 297045/430568 [2:44:48<1:17:12, 28.82it/s]
 69%|██████▉   | 297045/430568 [2:45:00<1:17:12, 28.82it/s]
 70%|██████▉   | 301350/430568 [2:47:18<1:14:50, 28.78it/s]
 70%|██████▉   | 301350/430568 [2:47:30<1:14:50, 28.78it/s]
 71%|███████   | 305655/430568 [2:49:49<1:12:33, 28.70it/s]
 71%|███████   | 305655/430568 [2:50:00<1:12:33, 28.70it/s]
 72%|███████▏  | 309960/430568 [2:52:19<1:09:55, 28.75it/s]
 72%|███████▏  | 309960/430568 [2:52:30<1:09:55, 28.75it/s]
 73%|███████▎  | 314265/430568 [2:54:48<1:07:26, 28.74it/s]
 73%|███████▎  | 314265/430568 [2:55:00<1:07:26, 28.74it/s]
 74%|███████▍  | 318570/430568 [2:57:18<1:04:51, 28.78it/s]
 74%|███████▍  | 318570/430568 [2:57:30<1:04:51, 28.78it/s]
 75%|███████▍  | 322875/430568 [2:59:47<1:02:18, 28.81it/s]
 75%|███████▍  | 322875/430568 [3:00:00<1:02:18, 28.81it/s]
 76%|███████▌  | 327180/430568 [3:02:14<59:33, 28.93it/s]  
 76%|███████▌  | 327180/430568 [3:02:30<59:33, 28.93it/s]
 77%|███████▋  | 331485/430568 [3:04:44<57:11, 28.88it/s]
 77%|███████▋  | 331485/430568 [3:05:00<57:11, 28.88it/s]
 78%|███████▊  | 335790/430568 [3:07:12<54:40, 28.89it/s]
 78%|███████▊  | 335790/430568 [3:07:30<54:40, 28.89it/s]
 79%|███████▉  | 340095/430568 [3:09:43<52:19, 28.81it/s]
 79%|███████▉  | 340095/430568 [3:10:00<52:19, 28.81it/s]
 80%|███████▉  | 344400/430568 [3:12:12<49:49, 28.82it/s]
 80%|███████▉  | 344400/430568 [3:12:30<49:49, 28.82it/s]
 81%|████████  | 348705/430568 [3:14:41<47:17, 28.85it/s]
 81%|████████  | 348705/430568 [3:15:00<47:17, 28.85it/s]
 82%|████████▏ | 353010/430568 [3:17:11<44:50, 28.83it/s]
 82%|████████▏ | 353010/430568 [3:17:30<44:50, 28.83it/s]
 83%|████████▎ | 357315/430568 [3:19:40<42:22, 28.81it/s]
 83%|████████▎ | 357315/430568 [3:20:00<42:22, 28.81it/s]
 84%|████████▍ | 361620/430568 [3:22:10<39:56, 28.77it/s]
 84%|████████▍ | 361620/430568 [3:22:30<39:56, 28.77it/s]
 85%|████████▍ | 365925/430568 [3:24:40<37:26, 28.78it/s]
 85%|████████▍ | 365925/430568 [3:24:50<37:26, 28.78it/s]
 86%|████████▌ | 370230/430568 [3:27:09<34:54, 28.81it/s]
 86%|████████▌ | 370230/430568 [3:27:20<34:54, 28.81it/s]
 87%|████████▋ | 374535/430568 [3:29:39<32:26, 28.79it/s]
 87%|████████▋ | 374535/430568 [3:29:50<32:26, 28.79it/s]
 88%|████████▊ | 378840/430568 [3:32:08<29:56, 28.80it/s]
 88%|████████▊ | 378840/430568 [3:32:20<29:56, 28.80it/s]
 89%|████████▉ | 383145/430568 [3:34:38<27:28, 28.76it/s]
 89%|████████▉ | 383145/430568 [3:34:50<27:28, 28.76it/s]
 90%|████████▉ | 387450/430568 [3:37:09<25:01, 28.71it/s]
 90%|████████▉ | 387450/430568 [3:37:20<25:01, 28.71it/s]
 91%|█████████ | 391755/430568 [3:39:40<22:34, 28.65it/s]
 91%|█████████ | 391755/430568 [3:39:50<22:34, 28.65it/s]
 92%|█████████▏| 396060/430568 [3:42:10<20:04, 28.65it/s]
 92%|█████████▏| 396060/430568 [3:42:30<20:04, 28.65it/s]
 93%|█████████▎| 400365/430568 [3:44:38<17:30, 28.76it/s]
 93%|█████████▎| 400365/430568 [3:44:50<17:30, 28.76it/s]
 94%|█████████▍| 404670/430568 [3:47:07<14:58, 28.81it/s]
 94%|█████████▍| 404670/430568 [3:47:20<14:58, 28.81it/s]
 95%|█████████▍| 408975/430568 [3:49:37<12:29, 28.81it/s]
 95%|█████████▍| 408975/430568 [3:49:50<12:29, 28.81it/s]
 96%|█████████▌| 413280/430568 [3:52:05<09:58, 28.88it/s]
 96%|█████████▌| 413280/430568 [3:52:20<09:58, 28.88it/s]
 97%|█████████▋| 417585/430568 [3:54:34<07:29, 28.86it/s]
 97%|█████████▋| 417585/430568 [3:54:50<07:29, 28.86it/s]
 98%|█████████▊| 421890/430568 [3:57:04<05:00, 28.85it/s]
 98%|█████████▊| 421890/430568 [3:57:20<05:00, 28.85it/s]
 99%|█████████▉| 426195/430568 [3:59:33<02:31, 28.85it/s]
 99%|█████████▉| 426195/430568 [3:59:50<02:31, 28.85it/s]
100%|█████████▉| 430500/430568 [4:02:01<00:02, 28.93it/s]
100%|█████████▉| 430500/430568 [4:02:20<00:02, 28.93it/s]
434805it [4:04:31, 28.86it/s]                            
434805it [4:04:33, 29.63it/s]
DLC loaded in light mode; you cannot use the labeling GUI!
DLC loaded in light mode; you cannot use the relabeling GUI!
0
Using snapshot-1030000 for model /allen/aibs/technology/waynew/eye/np3_side_cam-sam_corbett-2020-03-31/dlc-models/iteration-0/np3_side_camMar31-trainset95shuffle1
Starting to analyze %  /allen/programs/mindscope/production/openscope/prod0/specimen_1294074615/ecephys_session_1300222049/1306934652/1300222049_692077_20230928.behavior.mp4
Loading  /allen/programs/mindscope/production/openscope/prod0/specimen_1294074615/ecephys_session_1300222049/1306934652/1300222049_692077_20230928.behavior.mp4
Duration of video [s]:  7176.13 , recorded with  60.0 fps!
Overall # of frames:  430568  found with (before cropping) frame dimensions:  658 492
Starting to extract posture
Detected frames:  430568
Saving results in /allen/programs/mindscope/production/openscope/prod0/specimen_1294074615/ecephys_session_1300222049/1306934652...
The videos are analyzed. Now your research can truly start! 
 You can create labeled videos with 'create_labeled_video'.
If the tracking is not satisfactory for some videos, consider expanding the training set. You can use the function 'extract_outlier_frames' to extract any outlier frames!
  % Total    % Received % Xferd  Average Speed   Time    Time     Time  Current
                                 Dload  Upload   Total   Spent    Left  Speed

  0     0    0     0    0     0      0      0 --:--:-- --:--:-- --:--:--     0
100    39    0    26  100    13    364    182 --:--:-- --:--:-- --:--:--   366
{"message":"finished job"}
